#
# A fatal error has been detected by the Java Runtime Environment:
#
#  SIGSEGV (0xb) at pc=0x00000001027ba3d5, pid=2376, tid=19203
#
# JRE version: Java(TM) SE Runtime Environment 18.9 (11.0.12+8) (build 11.0.12+8-LTS-237)
# Java VM: Java HotSpot(TM) 64-Bit Server VM 18.9 (11.0.12+8-LTS-237, mixed mode, tiered, compressed oops, g1 gc, bsd-amd64)
# Problematic frame:
# V  [libjvm.dylib+0x6063d5]  _ZN14BreakpointInfo3setEP6Method+0x47
#
# No core dump will be written. Core dumps have been disabled. To enable core dumping, try "ulimit -c unlimited" before starting Java again
#
# If you would like to submit a bug report, please visit:
#   https://bugreport.java.com/bugreport/crash.jsp
#

---------------  S U M M A R Y ------------

Command Line: -agentlib:jdwp=transport=dt_socket,suspend=y,address=localhost:51392 -javaagent:/Applications/Eclipse.app/Contents/Eclipse/configuration/org.eclipse.osgi/213/0/.cp/lib/javaagent-shaded.jar -Dfile.encoding=UTF-8 MyWorks.Quize13

Host: MacBookPro12,1 x86_64 2700 MHz, 4 cores, 8G, Darwin 21.1.0
Time: Thu Oct  7 18:41:54 2021 +03 elapsed time: 4762.589648 seconds (0d 1h 19m 22s)

---------------  T H R E A D  ---------------

Current thread (0x00007fabac065000):  VMThread "VM Thread" [stack: 0x000070000e7e0000,0x000070000e8e0000] [id=19203]

Stack: [0x000070000e7e0000,0x000070000e8e0000],  sp=0x000070000e8dfa60,  free space=1022k
Native frames: (J=compiled Java code, A=aot compiled Java code, j=interpreted, Vv=VM code, C=native code)
V  [libjvm.dylib+0x6063d5]  _ZN14BreakpointInfo3setEP6Method+0x47
V  [libjvm.dylib+0x50bb72]  _ZN15JvmtiBreakpoint22each_method_version_doEM6MethodFviE+0x188
V  [libjvm.dylib+0x50bd2d]  _ZN16JvmtiBreakpoints16set_at_safepointER15JvmtiBreakpoint+0x81
V  [libjvm.dylib+0x79f1a3]  _ZN12VM_Operation8evaluateEv+0xd5
V  [libjvm.dylib+0x79e5ab]  _ZN8VMThread18evaluate_operationEP12VM_Operation+0x139
V  [libjvm.dylib+0x79dffb]  _ZN8VMThread4loopEv+0xed
V  [libjvm.dylib+0x79de21]  _ZN8VMThread3runEv+0x6f
V  [libjvm.dylib+0x7418de]  _ZN6Thread8call_runEv+0x68
V  [libjvm.dylib+0x6468d2]  _ZL19thread_native_entryP6Thread+0x136
C  [libsystem_pthread.dylib+0x6514]  _pthread_start+0x7d
C  [libsystem_pthread.dylib+0x202f]  thread_start+0xf


siginfo: si_signo: 11 (SIGSEGV), si_code: 1 (SEGV_MAPERR), si_addr: 0x00000001cab583ce

Register to memory mapping:

RAX=0x00000001cab583b8 is an unknown value
RBX=0x00007fabac065000 points into unknown readable memory: 0x0000000102af4af0 | f0 4a af 02 01 00 00 00
RCX=0x0 is NULL
RDX=0x000000000000002b is an unknown value
RSP=0x000070000e8dfa60 points into unknown readable memory: 0x0000000000000000 | 00 00 00 00 00 00 00 00
RBP=0x000070000e8dfad0 points into unknown readable memory: 0x000070000e8dfb50 | 50 fb 8d 0e 00 70 00 00
RSI=0x00007fabac065000 points into unknown readable memory: 0x0000000102af4af0 | f0 4a af 02 01 00 00 00
RDI={method} {0x0000000107b582e8} 'main' '([Ljava/lang/String;)V' in 'MyWorks/Quize13'
R8 =0x0 is NULL
R9 =0x00000001107b9aa0 is at entry_point+992 in (nmethod*)0x00000001107b9510
R10=0x00000000000007fb is an unknown value
R11=0x0000000000000200 is an unknown value
R12=0x00007fabab2a3830 points into unknown readable memory: 0x616d03a3ffff0004 | 04 00 ff ff a3 03 6d 61
R13={method} {0x0000000107b582e8} 'main' '([Ljava/lang/String;)V' in 'MyWorks/Quize13'
R14={method} {0x0000000107b582e8} 'main' '([Ljava/lang/String;)V' in 'MyWorks/Quize13'
R15=0x00000008000cafb8 is a pointer to class: 
MyWorks.Quize13 {0x00000008000cafb8}


Registers:
RAX=0x00000001cab583b8, RBX=0x00007fabac065000, RCX=0x0000000000000000, RDX=0x000000000000002b
RSP=0x000070000e8dfa60, RBP=0x000070000e8dfad0, RSI=0x00007fabac065000, RDI=0x0000000107b582e8
R8 =0x0000000000000000, R9 =0x00000001107b9aa0, R10=0x00000000000007fb, R11=0x0000000000000200
R12=0x00007fabab2a3830, R13=0x0000000107b582e8, R14=0x0000000107b582e8, R15=0x00000008000cafb8
RIP=0x00000001027ba3d5, EFLAGS=0x0000000000010246, ERR=0x0000000000000006
  TRAPNO=0x000000000000000e

Top of Stack: (sp=0x000070000e8dfa60)
0x000070000e8dfa60:   0000000000000000 0000000000000000
0x000070000e8dfa70:   0000000000000000 0000000000000000
0x000070000e8dfa80:   0000600000000000 00007fabab2a5d28
0x000070000e8dfa90:   00006000020cf360 00006000020cf360
0x000070000e8dfaa0:   000070000e8dfad0 00000001027ba35d
0x000070000e8dfab0:   00007fabab2a5d28 00007fabab2a3830
0x000070000e8dfac0:   0000000000000000 00000008000cafb8
0x000070000e8dfad0:   000070000e8dfb50 00000001026bfb72
0x000070000e8dfae0:   0000600002eea6d0 00007fabaa70bd80
0x000070000e8dfaf0:   00007fabaa70bd90 00007fabaa70c168
0x000070000e8dfb00:   00000000000003d8 0000000000000000
0x000070000e8dfb10:   00000001029c29d3 000070000f300ac0
0x000070000e8dfb20:   00000001027ba31e 0000000000000003
0x000070000e8dfb30:   00006000020fba40 0000000000000000
0x000070000e8dfb40:   0000600002ef2168 000070000f300ac0
0x000070000e8dfb50:   000070000e8dfb90 00000001026bfd2d
0x000070000e8dfb60:   0000000000000000 00006000020cf280
0x000070000e8dfb70:   000070000f300a18 0000000102b31060
0x000070000e8dfb80:   00000001029ee47a 0000000000000011
0x000070000e8dfb90:   000070000e8dfc90 00000001029531a3
0x000070000e8dfba0:   000070000e8dfdb0 0000600002eea6d0
0x000070000e8dfbb0:   00007fabaa70bd80 00007fabaa70bd90
0x000070000e8dfbc0:   00007fabaa70c168 00000000000003d8
0x000070000e8dfbd0:   0000000000000000 b4d23c8dbe6d00cc
0x000070000e8dfbe0:   0000000000000100 0000000102b3ebd9
0x000070000e8dfbf0:   0000000000000000 0000000000000000
0x000070000e8dfc00:   000070000e8dfc00 00007ff80b56c5ad
0x000070000e8dfc10:   0000600000ee7200 000000043b9aca00
0x000070000e8dfc20:   0000000000000000 000000000000000c
0x000070000e8dfc30:   0000000000000000 0000000000000000
0x000070000e8dfc40:   00007fabac065000 00006000020f37a0
0x000070000e8dfc50:   000070000e8dfc60 00000001027fac91 

Instructions: (pc=0x00000001027ba3d5)
0x00000001027ba3b5:   4e 08 c6 44 01 38 ca 48 89 f7 48 89 de e8 71 2b
0x00000001027ba3c5:   bb ff 48 85 c0 74 0d 48 8b 4b 08 48 85 c9 75 04
0x00000001027ba3d5:   66 ff 40 16 48 8d 05 b0 8f 39 00 ff 00 4c 8d 7d
0x00000001027ba3e5:   90 4c 89 ff 48 89 de e8 bd 9a d5 ff 4c 8d 65 c8 

Stack slot to memory mapping:
stack at sp + 0 slots: 0x0 is NULL
stack at sp + 1 slots: 0x0 is NULL
stack at sp + 2 slots: 0x0 is NULL
stack at sp + 3 slots: 0x0 is NULL
stack at sp + 4 slots: 0x0000600000000000 points into unknown readable memory: 0x0000000000000000 | 00 00 00 00 00 00 00 00
stack at sp + 5 slots: 0x00007fabab2a5d28 points into unknown readable memory: 0x5b28aad3ffff0016 | 16 00 ff ff d3 aa 28 5b
stack at sp + 6 slots: 0x00006000020cf360 points into unknown readable memory: 0x0000002b00000007 | 07 00 00 00 2b 00 00 00
stack at sp + 7 slots: 0x00006000020cf360 points into unknown readable memory: 0x0000002b00000007 | 07 00 00 00 2b 00 00 00

VM_Operation (0x000070000f300a18): ChangeBreakpoints, mode: safepoint, requested by thread 0x00007fabaa863800


---------------  P R O C E S S  ---------------

Threads class SMR info:
_java_thread_list=0x00006000020f37a0, length=12, elements={
0x00007fabac80b800, 0x00007fabac065800, 0x00007fabac068800, 0x00007fabab810800,
0x00007fabaa848000, 0x00007fabac06d000, 0x00007fabac878800, 0x00007fabac07a800,
0x00007fabaa861800, 0x00007fabaa863800, 0x00007fabac0c3800, 0x00007fabaa88e000
}
_to_delete_list=0x00006000020fbb60, length=11, elements={
0x00007fabac80b800, 0x00007fabac065800, 0x00007fabac068800, 0x00007fabab810800,
0x00007fabaa848000, 0x00007fabac06d000, 0x00007fabac878800, 0x00007fabac07a800,
0x00007fabaa861800, 0x00007fabaa863800, 0x00007fabac0c3800
}

Java Threads: ( => current thread )
  0x00007fabac80b800 JavaThread "main" [_thread_blocked, id=6147, stack(0x000070000e1ce000,0x000070000e2ce000)]
  0x00007fabac065800 JavaThread "Reference Handler" daemon [_thread_blocked, id=14083, stack(0x000070000e8e3000,0x000070000e9e3000)]
  0x00007fabac068800 JavaThread "Finalizer" daemon [_thread_blocked, id=14851, stack(0x000070000e9e6000,0x000070000eae6000)]
  0x00007fabab810800 JavaThread "Signal Dispatcher" daemon [_thread_blocked, id=17155, stack(0x000070000ebef000,0x000070000ecef000)]
  0x00007fabaa848000 JavaThread "Service Thread" daemon [_thread_blocked, id=21763, stack(0x000070000ecf2000,0x000070000edf2000)]
  0x00007fabac06d000 JavaThread "C2 CompilerThread0" daemon [_thread_blocked, id=43267, stack(0x000070000edf5000,0x000070000eef5000)]
  0x00007fabac878800 JavaThread "C1 CompilerThread0" daemon [_thread_blocked, id=43011, stack(0x000070000eef8000,0x000070000eff8000)]
  0x00007fabac07a800 JavaThread "Sweeper thread" daemon [_thread_blocked, id=23299, stack(0x000070000effb000,0x000070000f0fb000)]
  0x00007fabaa861800 JavaThread "Common-Cleaner" daemon [_thread_blocked, id=41987, stack(0x000070000f0fe000,0x000070000f1fe000)]
  0x00007fabaa863800 JavaThread "JDWP Transport Listener: dt_socket" daemon [_thread_blocked, id=41219, stack(0x000070000f201000,0x000070000f301000)]
  0x00007fabac0c3800 JavaThread "JDWP Event Helper Thread" daemon [_thread_blocked, id=23811, stack(0x000070000f304000,0x000070000f404000)]
  0x00007fabaa88e000 JavaThread "JDWP Command Reader" daemon [_thread_in_native, id=24323, stack(0x000070000f407000,0x000070000f507000)]

Other Threads:
=>0x00007fabac065000 VMThread "VM Thread" [stack: 0x000070000e7e0000,0x000070000e8e0000] [id=19203]
  0x00007fabaa864800 WatcherThread [stack: 0x000070000f50a000,0x000070000f60a000] [id=24835]
  0x00007fabab817000 GCTaskThread "GC Thread#0" [stack: 0x000070000e2d1000,0x000070000e3d1000] [id=20995]
  0x00007fabab838000 ConcurrentGCThread "G1 Main Marker" [stack: 0x000070000e3d4000,0x000070000e4d4000] [id=11779]
  0x00007fabac00d800 ConcurrentGCThread "G1 Conc#0" [stack: 0x000070000e4d7000,0x000070000e5d7000] [id=20483]
  0x00007fabaa83a000 ConcurrentGCThread "G1 Refine#0" [stack: 0x000070000e5da000,0x000070000e6da000] [id=20227]
  0x00007fabac80c800 ConcurrentGCThread "G1 Young RemSet Sampling" [stack: 0x000070000e6dd000,0x000070000e7dd000] [id=12803]

Threads with active compile tasks:

VM state:at safepoint (normal execution)

VM Mutex/Monitor currently owned by a thread:  ([mutex/lock_event])
[0x0000600000ee7280] Threads_lock - owner thread: 0x00007fabac065000

Heap address: 0x0000000780000000, size: 2048 MB, Compressed Oops mode: Zero based, Oop shift amount: 3
Narrow klass base: 0x0000000800000000, Narrow klass shift: 0
Compressed class space size: 1073741824 Address: 0x0000000800000000

Heap:
 garbage-first heap   total 131072K, used 6144K [0x0000000780000000, 0x0000000800000000)
  region size 1024K, 7 young (7168K), 0 survivors (0K)
 Metaspace       used 9832K, capacity 9954K, committed 10240K, reserved 1058816K
  class space    used 870K, capacity 931K, committed 1024K, reserved 1048576K
Heap Regions: E=young(eden), S=young(survivor), O=old, HS=humongous(starts), HC=humongous(continues), CS=collection set, F=free, A=archive, TAMS=top-at-mark-start (previous, next)
|   0|0x0000000780000000, 0x0000000780000000, 0x0000000780100000|  0%| F|  |TAMS 0x0000000780000000, 0x0000000780000000| Untracked 
|   1|0x0000000780100000, 0x0000000780100000, 0x0000000780200000|  0%| F|  |TAMS 0x0000000780100000, 0x0000000780100000| Untracked 
|   2|0x0000000780200000, 0x0000000780200000, 0x0000000780300000|  0%| F|  |TAMS 0x0000000780200000, 0x0000000780200000| Untracked 
|   3|0x0000000780300000, 0x0000000780300000, 0x0000000780400000|  0%| F|  |TAMS 0x0000000780300000, 0x0000000780300000| Untracked 
|   4|0x0000000780400000, 0x0000000780400000, 0x0000000780500000|  0%| F|  |TAMS 0x0000000780400000, 0x0000000780400000| Untracked 
|   5|0x0000000780500000, 0x0000000780500000, 0x0000000780600000|  0%| F|  |TAMS 0x0000000780500000, 0x0000000780500000| Untracked 
|   6|0x0000000780600000, 0x0000000780600000, 0x0000000780700000|  0%| F|  |TAMS 0x0000000780600000, 0x0000000780600000| Untracked 
|   7|0x0000000780700000, 0x0000000780700000, 0x0000000780800000|  0%| F|  |TAMS 0x0000000780700000, 0x0000000780700000| Untracked 
|   8|0x0000000780800000, 0x0000000780800000, 0x0000000780900000|  0%| F|  |TAMS 0x0000000780800000, 0x0000000780800000| Untracked 
|   9|0x0000000780900000, 0x0000000780900000, 0x0000000780a00000|  0%| F|  |TAMS 0x0000000780900000, 0x0000000780900000| Untracked 
|  10|0x0000000780a00000, 0x0000000780a00000, 0x0000000780b00000|  0%| F|  |TAMS 0x0000000780a00000, 0x0000000780a00000| Untracked 
|  11|0x0000000780b00000, 0x0000000780b00000, 0x0000000780c00000|  0%| F|  |TAMS 0x0000000780b00000, 0x0000000780b00000| Untracked 
|  12|0x0000000780c00000, 0x0000000780c00000, 0x0000000780d00000|  0%| F|  |TAMS 0x0000000780c00000, 0x0000000780c00000| Untracked 
|  13|0x0000000780d00000, 0x0000000780d00000, 0x0000000780e00000|  0%| F|  |TAMS 0x0000000780d00000, 0x0000000780d00000| Untracked 
|  14|0x0000000780e00000, 0x0000000780e00000, 0x0000000780f00000|  0%| F|  |TAMS 0x0000000780e00000, 0x0000000780e00000| Untracked 
|  15|0x0000000780f00000, 0x0000000780f00000, 0x0000000781000000|  0%| F|  |TAMS 0x0000000780f00000, 0x0000000780f00000| Untracked 
|  16|0x0000000781000000, 0x0000000781000000, 0x0000000781100000|  0%| F|  |TAMS 0x0000000781000000, 0x0000000781000000| Untracked 
|  17|0x0000000781100000, 0x0000000781100000, 0x0000000781200000|  0%| F|  |TAMS 0x0000000781100000, 0x0000000781100000| Untracked 
|  18|0x0000000781200000, 0x0000000781200000, 0x0000000781300000|  0%| F|  |TAMS 0x0000000781200000, 0x0000000781200000| Untracked 
|  19|0x0000000781300000, 0x0000000781300000, 0x0000000781400000|  0%| F|  |TAMS 0x0000000781300000, 0x0000000781300000| Untracked 
|  20|0x0000000781400000, 0x0000000781400000, 0x0000000781500000|  0%| F|  |TAMS 0x0000000781400000, 0x0000000781400000| Untracked 
|  21|0x0000000781500000, 0x0000000781500000, 0x0000000781600000|  0%| F|  |TAMS 0x0000000781500000, 0x0000000781500000| Untracked 
|  22|0x0000000781600000, 0x0000000781600000, 0x0000000781700000|  0%| F|  |TAMS 0x0000000781600000, 0x0000000781600000| Untracked 
|  23|0x0000000781700000, 0x0000000781700000, 0x0000000781800000|  0%| F|  |TAMS 0x0000000781700000, 0x0000000781700000| Untracked 
|  24|0x0000000781800000, 0x0000000781800000, 0x0000000781900000|  0%| F|  |TAMS 0x0000000781800000, 0x0000000781800000| Untracked 
|  25|0x0000000781900000, 0x0000000781900000, 0x0000000781a00000|  0%| F|  |TAMS 0x0000000781900000, 0x0000000781900000| Untracked 
|  26|0x0000000781a00000, 0x0000000781a00000, 0x0000000781b00000|  0%| F|  |TAMS 0x0000000781a00000, 0x0000000781a00000| Untracked 
|  27|0x0000000781b00000, 0x0000000781b00000, 0x0000000781c00000|  0%| F|  |TAMS 0x0000000781b00000, 0x0000000781b00000| Untracked 
|  28|0x0000000781c00000, 0x0000000781c00000, 0x0000000781d00000|  0%| F|  |TAMS 0x0000000781c00000, 0x0000000781c00000| Untracked 
|  29|0x0000000781d00000, 0x0000000781d00000, 0x0000000781e00000|  0%| F|  |TAMS 0x0000000781d00000, 0x0000000781d00000| Untracked 
|  30|0x0000000781e00000, 0x0000000781e00000, 0x0000000781f00000|  0%| F|  |TAMS 0x0000000781e00000, 0x0000000781e00000| Untracked 
|  31|0x0000000781f00000, 0x0000000781f00000, 0x0000000782000000|  0%| F|  |TAMS 0x0000000781f00000, 0x0000000781f00000| Untracked 
|  32|0x0000000782000000, 0x0000000782000000, 0x0000000782100000|  0%| F|  |TAMS 0x0000000782000000, 0x0000000782000000| Untracked 
|  33|0x0000000782100000, 0x0000000782100000, 0x0000000782200000|  0%| F|  |TAMS 0x0000000782100000, 0x0000000782100000| Untracked 
|  34|0x0000000782200000, 0x0000000782200000, 0x0000000782300000|  0%| F|  |TAMS 0x0000000782200000, 0x0000000782200000| Untracked 
|  35|0x0000000782300000, 0x0000000782300000, 0x0000000782400000|  0%| F|  |TAMS 0x0000000782300000, 0x0000000782300000| Untracked 
|  36|0x0000000782400000, 0x0000000782400000, 0x0000000782500000|  0%| F|  |TAMS 0x0000000782400000, 0x0000000782400000| Untracked 
|  37|0x0000000782500000, 0x0000000782500000, 0x0000000782600000|  0%| F|  |TAMS 0x0000000782500000, 0x0000000782500000| Untracked 
|  38|0x0000000782600000, 0x0000000782600000, 0x0000000782700000|  0%| F|  |TAMS 0x0000000782600000, 0x0000000782600000| Untracked 
|  39|0x0000000782700000, 0x0000000782700000, 0x0000000782800000|  0%| F|  |TAMS 0x0000000782700000, 0x0000000782700000| Untracked 
|  40|0x0000000782800000, 0x0000000782800000, 0x0000000782900000|  0%| F|  |TAMS 0x0000000782800000, 0x0000000782800000| Untracked 
|  41|0x0000000782900000, 0x0000000782900000, 0x0000000782a00000|  0%| F|  |TAMS 0x0000000782900000, 0x0000000782900000| Untracked 
|  42|0x0000000782a00000, 0x0000000782a00000, 0x0000000782b00000|  0%| F|  |TAMS 0x0000000782a00000, 0x0000000782a00000| Untracked 
|  43|0x0000000782b00000, 0x0000000782b00000, 0x0000000782c00000|  0%| F|  |TAMS 0x0000000782b00000, 0x0000000782b00000| Untracked 
|  44|0x0000000782c00000, 0x0000000782c00000, 0x0000000782d00000|  0%| F|  |TAMS 0x0000000782c00000, 0x0000000782c00000| Untracked 
|  45|0x0000000782d00000, 0x0000000782d00000, 0x0000000782e00000|  0%| F|  |TAMS 0x0000000782d00000, 0x0000000782d00000| Untracked 
|  46|0x0000000782e00000, 0x0000000782e00000, 0x0000000782f00000|  0%| F|  |TAMS 0x0000000782e00000, 0x0000000782e00000| Untracked 
|  47|0x0000000782f00000, 0x0000000782f00000, 0x0000000783000000|  0%| F|  |TAMS 0x0000000782f00000, 0x0000000782f00000| Untracked 
|  48|0x0000000783000000, 0x0000000783000000, 0x0000000783100000|  0%| F|  |TAMS 0x0000000783000000, 0x0000000783000000| Untracked 
|  49|0x0000000783100000, 0x0000000783100000, 0x0000000783200000|  0%| F|  |TAMS 0x0000000783100000, 0x0000000783100000| Untracked 
|  50|0x0000000783200000, 0x0000000783200000, 0x0000000783300000|  0%| F|  |TAMS 0x0000000783200000, 0x0000000783200000| Untracked 
|  51|0x0000000783300000, 0x0000000783300000, 0x0000000783400000|  0%| F|  |TAMS 0x0000000783300000, 0x0000000783300000| Untracked 
|  52|0x0000000783400000, 0x0000000783400000, 0x0000000783500000|  0%| F|  |TAMS 0x0000000783400000, 0x0000000783400000| Untracked 
|  53|0x0000000783500000, 0x0000000783500000, 0x0000000783600000|  0%| F|  |TAMS 0x0000000783500000, 0x0000000783500000| Untracked 
|  54|0x0000000783600000, 0x0000000783600000, 0x0000000783700000|  0%| F|  |TAMS 0x0000000783600000, 0x0000000783600000| Untracked 
|  55|0x0000000783700000, 0x0000000783700000, 0x0000000783800000|  0%| F|  |TAMS 0x0000000783700000, 0x0000000783700000| Untracked 
|  56|0x0000000783800000, 0x0000000783800000, 0x0000000783900000|  0%| F|  |TAMS 0x0000000783800000, 0x0000000783800000| Untracked 
|  57|0x0000000783900000, 0x0000000783900000, 0x0000000783a00000|  0%| F|  |TAMS 0x0000000783900000, 0x0000000783900000| Untracked 
|  58|0x0000000783a00000, 0x0000000783a00000, 0x0000000783b00000|  0%| F|  |TAMS 0x0000000783a00000, 0x0000000783a00000| Untracked 
|  59|0x0000000783b00000, 0x0000000783b00000, 0x0000000783c00000|  0%| F|  |TAMS 0x0000000783b00000, 0x0000000783b00000| Untracked 
|  60|0x0000000783c00000, 0x0000000783c00000, 0x0000000783d00000|  0%| F|  |TAMS 0x0000000783c00000, 0x0000000783c00000| Untracked 
|  61|0x0000000783d00000, 0x0000000783d00000, 0x0000000783e00000|  0%| F|  |TAMS 0x0000000783d00000, 0x0000000783d00000| Untracked 
|  62|0x0000000783e00000, 0x0000000783e00000, 0x0000000783f00000|  0%| F|  |TAMS 0x0000000783e00000, 0x0000000783e00000| Untracked 
|  63|0x0000000783f00000, 0x0000000783f00000, 0x0000000784000000|  0%| F|  |TAMS 0x0000000783f00000, 0x0000000783f00000| Untracked 
|  64|0x0000000784000000, 0x0000000784000000, 0x0000000784100000|  0%| F|  |TAMS 0x0000000784000000, 0x0000000784000000| Untracked 
|  65|0x0000000784100000, 0x0000000784100000, 0x0000000784200000|  0%| F|  |TAMS 0x0000000784100000, 0x0000000784100000| Untracked 
|  66|0x0000000784200000, 0x0000000784200000, 0x0000000784300000|  0%| F|  |TAMS 0x0000000784200000, 0x0000000784200000| Untracked 
|  67|0x0000000784300000, 0x0000000784300000, 0x0000000784400000|  0%| F|  |TAMS 0x0000000784300000, 0x0000000784300000| Untracked 
|  68|0x0000000784400000, 0x0000000784400000, 0x0000000784500000|  0%| F|  |TAMS 0x0000000784400000, 0x0000000784400000| Untracked 
|  69|0x0000000784500000, 0x0000000784500000, 0x0000000784600000|  0%| F|  |TAMS 0x0000000784500000, 0x0000000784500000| Untracked 
|  70|0x0000000784600000, 0x0000000784600000, 0x0000000784700000|  0%| F|  |TAMS 0x0000000784600000, 0x0000000784600000| Untracked 
|  71|0x0000000784700000, 0x0000000784700000, 0x0000000784800000|  0%| F|  |TAMS 0x0000000784700000, 0x0000000784700000| Untracked 
|  72|0x0000000784800000, 0x0000000784800000, 0x0000000784900000|  0%| F|  |TAMS 0x0000000784800000, 0x0000000784800000| Untracked 
|  73|0x0000000784900000, 0x0000000784900000, 0x0000000784a00000|  0%| F|  |TAMS 0x0000000784900000, 0x0000000784900000| Untracked 
|  74|0x0000000784a00000, 0x0000000784a00000, 0x0000000784b00000|  0%| F|  |TAMS 0x0000000784a00000, 0x0000000784a00000| Untracked 
|  75|0x0000000784b00000, 0x0000000784b00000, 0x0000000784c00000|  0%| F|  |TAMS 0x0000000784b00000, 0x0000000784b00000| Untracked 
|  76|0x0000000784c00000, 0x0000000784c00000, 0x0000000784d00000|  0%| F|  |TAMS 0x0000000784c00000, 0x0000000784c00000| Untracked 
|  77|0x0000000784d00000, 0x0000000784d00000, 0x0000000784e00000|  0%| F|  |TAMS 0x0000000784d00000, 0x0000000784d00000| Untracked 
|  78|0x0000000784e00000, 0x0000000784e00000, 0x0000000784f00000|  0%| F|  |TAMS 0x0000000784e00000, 0x0000000784e00000| Untracked 
|  79|0x0000000784f00000, 0x0000000784f00000, 0x0000000785000000|  0%| F|  |TAMS 0x0000000784f00000, 0x0000000784f00000| Untracked 
|  80|0x0000000785000000, 0x0000000785000000, 0x0000000785100000|  0%| F|  |TAMS 0x0000000785000000, 0x0000000785000000| Untracked 
|  81|0x0000000785100000, 0x0000000785100000, 0x0000000785200000|  0%| F|  |TAMS 0x0000000785100000, 0x0000000785100000| Untracked 
|  82|0x0000000785200000, 0x0000000785200000, 0x0000000785300000|  0%| F|  |TAMS 0x0000000785200000, 0x0000000785200000| Untracked 
|  83|0x0000000785300000, 0x0000000785300000, 0x0000000785400000|  0%| F|  |TAMS 0x0000000785300000, 0x0000000785300000| Untracked 
|  84|0x0000000785400000, 0x0000000785400000, 0x0000000785500000|  0%| F|  |TAMS 0x0000000785400000, 0x0000000785400000| Untracked 
|  85|0x0000000785500000, 0x0000000785500000, 0x0000000785600000|  0%| F|  |TAMS 0x0000000785500000, 0x0000000785500000| Untracked 
|  86|0x0000000785600000, 0x0000000785600000, 0x0000000785700000|  0%| F|  |TAMS 0x0000000785600000, 0x0000000785600000| Untracked 
|  87|0x0000000785700000, 0x0000000785700000, 0x0000000785800000|  0%| F|  |TAMS 0x0000000785700000, 0x0000000785700000| Untracked 
|  88|0x0000000785800000, 0x0000000785800000, 0x0000000785900000|  0%| F|  |TAMS 0x0000000785800000, 0x0000000785800000| Untracked 
|  89|0x0000000785900000, 0x0000000785900000, 0x0000000785a00000|  0%| F|  |TAMS 0x0000000785900000, 0x0000000785900000| Untracked 
|  90|0x0000000785a00000, 0x0000000785a00000, 0x0000000785b00000|  0%| F|  |TAMS 0x0000000785a00000, 0x0000000785a00000| Untracked 
|  91|0x0000000785b00000, 0x0000000785b00000, 0x0000000785c00000|  0%| F|  |TAMS 0x0000000785b00000, 0x0000000785b00000| Untracked 
|  92|0x0000000785c00000, 0x0000000785c00000, 0x0000000785d00000|  0%| F|  |TAMS 0x0000000785c00000, 0x0000000785c00000| Untracked 
|  93|0x0000000785d00000, 0x0000000785d00000, 0x0000000785e00000|  0%| F|  |TAMS 0x0000000785d00000, 0x0000000785d00000| Untracked 
|  94|0x0000000785e00000, 0x0000000785e00000, 0x0000000785f00000|  0%| F|  |TAMS 0x0000000785e00000, 0x0000000785e00000| Untracked 
|  95|0x0000000785f00000, 0x0000000785f00000, 0x0000000786000000|  0%| F|  |TAMS 0x0000000785f00000, 0x0000000785f00000| Untracked 
|  96|0x0000000786000000, 0x0000000786000000, 0x0000000786100000|  0%| F|  |TAMS 0x0000000786000000, 0x0000000786000000| Untracked 
|  97|0x0000000786100000, 0x0000000786100000, 0x0000000786200000|  0%| F|  |TAMS 0x0000000786100000, 0x0000000786100000| Untracked 
|  98|0x0000000786200000, 0x0000000786200000, 0x0000000786300000|  0%| F|  |TAMS 0x0000000786200000, 0x0000000786200000| Untracked 
|  99|0x0000000786300000, 0x0000000786300000, 0x0000000786400000|  0%| F|  |TAMS 0x0000000786300000, 0x0000000786300000| Untracked 
| 100|0x0000000786400000, 0x0000000786400000, 0x0000000786500000|  0%| F|  |TAMS 0x0000000786400000, 0x0000000786400000| Untracked 
| 101|0x0000000786500000, 0x0000000786500000, 0x0000000786600000|  0%| F|  |TAMS 0x0000000786500000, 0x0000000786500000| Untracked 
| 102|0x0000000786600000, 0x0000000786600000, 0x0000000786700000|  0%| F|  |TAMS 0x0000000786600000, 0x0000000786600000| Untracked 
| 103|0x0000000786700000, 0x0000000786700000, 0x0000000786800000|  0%| F|  |TAMS 0x0000000786700000, 0x0000000786700000| Untracked 
| 104|0x0000000786800000, 0x0000000786800000, 0x0000000786900000|  0%| F|  |TAMS 0x0000000786800000, 0x0000000786800000| Untracked 
| 105|0x0000000786900000, 0x0000000786900000, 0x0000000786a00000|  0%| F|  |TAMS 0x0000000786900000, 0x0000000786900000| Untracked 
| 106|0x0000000786a00000, 0x0000000786a00000, 0x0000000786b00000|  0%| F|  |TAMS 0x0000000786a00000, 0x0000000786a00000| Untracked 
| 107|0x0000000786b00000, 0x0000000786b00000, 0x0000000786c00000|  0%| F|  |TAMS 0x0000000786b00000, 0x0000000786b00000| Untracked 
| 108|0x0000000786c00000, 0x0000000786c00000, 0x0000000786d00000|  0%| F|  |TAMS 0x0000000786c00000, 0x0000000786c00000| Untracked 
| 109|0x0000000786d00000, 0x0000000786d00000, 0x0000000786e00000|  0%| F|  |TAMS 0x0000000786d00000, 0x0000000786d00000| Untracked 
| 110|0x0000000786e00000, 0x0000000786e00000, 0x0000000786f00000|  0%| F|  |TAMS 0x0000000786e00000, 0x0000000786e00000| Untracked 
| 111|0x0000000786f00000, 0x0000000786f00000, 0x0000000787000000|  0%| F|  |TAMS 0x0000000786f00000, 0x0000000786f00000| Untracked 
| 112|0x0000000787000000, 0x0000000787000000, 0x0000000787100000|  0%| F|  |TAMS 0x0000000787000000, 0x0000000787000000| Untracked 
| 113|0x0000000787100000, 0x0000000787100000, 0x0000000787200000|  0%| F|  |TAMS 0x0000000787100000, 0x0000000787100000| Untracked 
| 114|0x0000000787200000, 0x0000000787200000, 0x0000000787300000|  0%| F|  |TAMS 0x0000000787200000, 0x0000000787200000| Untracked 
| 115|0x0000000787300000, 0x0000000787300000, 0x0000000787400000|  0%| F|  |TAMS 0x0000000787300000, 0x0000000787300000| Untracked 
| 116|0x0000000787400000, 0x0000000787400000, 0x0000000787500000|  0%| F|  |TAMS 0x0000000787400000, 0x0000000787400000| Untracked 
| 117|0x0000000787500000, 0x0000000787500000, 0x0000000787600000|  0%| F|  |TAMS 0x0000000787500000, 0x0000000787500000| Untracked 
| 118|0x0000000787600000, 0x0000000787600000, 0x0000000787700000|  0%| F|  |TAMS 0x0000000787600000, 0x0000000787600000| Untracked 
| 119|0x0000000787700000, 0x0000000787700000, 0x0000000787800000|  0%| F|  |TAMS 0x0000000787700000, 0x0000000787700000| Untracked 
| 120|0x0000000787800000, 0x0000000787800000, 0x0000000787900000|  0%| F|  |TAMS 0x0000000787800000, 0x0000000787800000| Untracked 
| 121|0x0000000787900000, 0x00000007879d7a50, 0x0000000787a00000| 84%| E|  |TAMS 0x0000000787900000, 0x0000000787900000| Complete 
| 122|0x0000000787a00000, 0x0000000787b00000, 0x0000000787b00000|100%| E|CS|TAMS 0x0000000787a00000, 0x0000000787a00000| Complete 
| 123|0x0000000787b00000, 0x0000000787c00000, 0x0000000787c00000|100%| E|CS|TAMS 0x0000000787b00000, 0x0000000787b00000| Complete 
| 124|0x0000000787c00000, 0x0000000787d00000, 0x0000000787d00000|100%| E|CS|TAMS 0x0000000787c00000, 0x0000000787c00000| Complete 
| 125|0x0000000787d00000, 0x0000000787e00000, 0x0000000787e00000|100%| E|CS|TAMS 0x0000000787d00000, 0x0000000787d00000| Complete 
| 126|0x0000000787e00000, 0x0000000787f00000, 0x0000000787f00000|100%| E|CS|TAMS 0x0000000787e00000, 0x0000000787e00000| Complete 
| 127|0x0000000787f00000, 0x0000000788000000, 0x0000000788000000|100%| E|CS|TAMS 0x0000000787f00000, 0x0000000787f00000| Complete 

Card table byte_map: [0x0000000101b4a000,0x0000000101f4a000] _byte_map_base: 0x00000000fdf4a000

Marking Bits (Prev, Next): (CMBitMap*) 0x00007fabab82f218, (CMBitMap*) 0x00007fabab82f250
 Prev Bits: [0x0000000103370000, 0x0000000105370000)
 Next Bits: [0x0000000105370000, 0x0000000107370000)

Polling page: 0x000000010141e000

Metaspace:

Usage:
  Non-class:      8.81 MB capacity,     8.75 MB (>99%) used,    53.62 KB ( <1%) free+waste,     7.44 KB ( <1%) overhead. 
      Class:    931.00 KB capacity,   870.41 KB ( 93%) used,    57.84 KB (  6%) free+waste,     2.75 KB ( <1%) overhead. 
       Both:      9.72 MB capacity,     9.60 MB ( 99%) used,   111.46 KB (  1%) free+waste,    10.19 KB ( <1%) overhead. 

Virtual space:
  Non-class space:       10.00 MB reserved,       9.00 MB ( 90%) committed 
      Class space:        1.00 GB reserved,       1.00 MB ( <1%) committed 
             Both:        1.01 GB reserved,      10.00 MB ( <1%) committed 

Chunk freelists:
   Non-Class:  5.12 KB
       Class:  3.62 KB
        Both:  8.75 KB

CodeHeap 'non-profiled nmethods': size=120032Kb used=136Kb max_used=136Kb free=119895Kb
 bounds [0x0000000117c59000, 0x0000000117ec9000, 0x000000011f191000]
CodeHeap 'profiled nmethods': size=120032Kb used=610Kb max_used=610Kb free=119421Kb
 bounds [0x0000000110721000, 0x0000000110991000, 0x0000000117c59000]
CodeHeap 'non-nmethods': size=5696Kb used=1120Kb max_used=1134Kb free=4576Kb
 bounds [0x0000000110191000, 0x0000000110401000, 0x0000000110721000]
 total_blobs=781 nmethods=429 adapters=273
 compilation: enabled
              stopped_count=0, restarted_count=0
 full_count=0

Compilation events (10 events):
Event: 3100.628 Thread 0x00007fabac878800  425       3       org.eclipse.jdt.launching.internal.org.objectweb.asm.ByteVector::putUTF8 (144 bytes)
Event: 3100.629 Thread 0x00007fabac878800 nmethod 425 0x00000001107b8190 code [0x00000001107b8420, 0x00000001107b8f40]
Event: 3107.301 Thread 0x00007fabac06d000  426       4       java.lang.StringBuilder::append (8 bytes)
Event: 3107.314 Thread 0x00007fabac06d000 nmethod 426 0x0000000117c79990 code [0x0000000117c79b40, 0x0000000117c7a258]
Event: 3468.409 Thread 0x00007fabac878800  427       3       org.eclipse.jdt.launching.internal.org.objectweb.asm.ByteVector::enlarge (51 bytes)
Event: 3468.409 Thread 0x00007fabac878800 nmethod 427 0x00000001107b9510 code [0x00000001107b96c0, 0x00000001107b99e0]
Event: 3494.338 Thread 0x00007fabac06d000  428       4       org.eclipse.jdt.launching.internal.org.objectweb.asm.Symbol::<init> (38 bytes)
Event: 3494.349 Thread 0x00007fabac06d000 nmethod 428 0x0000000117c7a690 code [0x0000000117c7a820, 0x0000000117c7ab18]
Event: 4145.504 Thread 0x00007fabac06d000  429       4       org.eclipse.jdt.launching.internal.org.objectweb.asm.SymbolTable::add (39 bytes)
Event: 4145.513 Thread 0x00007fabac06d000 nmethod 429 0x0000000117c7ab90 code [0x0000000117c7ad20, 0x0000000117c7b098]

GC Heap History (0 events):
No events

Deoptimization events (1 events):
Event: 0.604 Thread 0x00007fabac80b800 Uncommon trap: reason=unstable_if action=reinterpret pc=0x0000000117c65ca4 method=java.util.HashMap.putVal(ILjava/lang/Object;Ljava/lang/Object;ZZ)Ljava/lang/Object; @ 181 c2

Classes redefined (10 events):
Event: 4718.504 Thread 0x00007fabac065000 redefined class name=MyWorks.Quize13, count=175
Event: 4735.690 Thread 0x00007fabac065000 redefined class name=MyWorks.Quize13, count=176
Event: 4737.725 Thread 0x00007fabac065000 redefined class name=MyWorks.Quize13, count=177
Event: 4739.431 Thread 0x00007fabac065000 redefined class name=MyWorks.Quize13, count=178
Event: 4744.906 Thread 0x00007fabac065000 redefined class name=MyWorks.Quize13, count=179
Event: 4749.312 Thread 0x00007fabac065000 redefined class name=MyWorks.Quize13, count=180
Event: 4753.818 Thread 0x00007fabac065000 redefined class name=MyWorks.Quize13, count=181
Event: 4756.122 Thread 0x00007fabac065000 redefined class name=MyWorks.Quize13, count=182
Event: 4758.244 Thread 0x00007fabac065000 redefined class name=MyWorks.Quize13, count=183
Event: 4762.576 Thread 0x00007fabac065000 redefined class name=MyWorks.Quize13, count=184

Internal exceptions (0 events):
No events

Events (10 events):
Event: 4758.331 Executing VM operation: GetFrameCount done
Event: 4758.331 Executing VM operation: GetOwnedMonitorInfo
Event: 4758.331 Executing VM operation: GetOwnedMonitorInfo done
Event: 4758.331 Executing VM operation: GetCurrentContendedMonitor
Event: 4758.331 Executing VM operation: GetCurrentContendedMonitor done
Event: 4762.574 Executing VM operation: RedefineClasses
Event: 4762.577 Executing VM operation: RedefineClasses done
Event: 4762.585 Executing VM operation: ChangeBreakpoints
Event: 4762.586 Executing VM operation: ChangeBreakpoints done
Event: 4762.586 Executing VM operation: ChangeBreakpoints


Dynamic libraries:
0x0000000101420000 	/Library/Java/JavaVirtualMachines/jdk-11.0.12.jdk/Contents/Home/lib/jli/libjli.dylib
0x00007ff8222eb000 	/System/Library/Frameworks/Cocoa.framework/Versions/A/Cocoa
0x00007ff80e144000 	/System/Library/Frameworks/AppKit.framework/Versions/C/AppKit
0x00007ff811624000 	/System/Library/Frameworks/CoreData.framework/Versions/A/CoreData
0x00007ff80c566000 	/System/Library/Frameworks/Foundation.framework/Versions/C/Foundation
0x00007ff816495000 	/usr/lib/libSystem.B.dylib
0x00007ff80efce000 	/System/Library/PrivateFrameworks/UIFoundation.framework/Versions/A/UIFoundation
0x00007ff81c2c9000 	/System/Library/PrivateFrameworks/RemoteViewServices.framework/Versions/A/RemoteViewServices
0x00007ff814642000 	/System/Library/PrivateFrameworks/XCTTargetBootstrap.framework/Versions/A/XCTTargetBootstrap
0x00007ff8182a3000 	/System/Library/PrivateFrameworks/InternationalSupport.framework/Versions/A/InternationalSupport
0x00007ff81832d000 	/System/Library/PrivateFrameworks/UserActivity.framework/Versions/A/UserActivity
0x00007ff817684000 	/usr/lib/libspindump.dylib
0x00007ff80f25c000 	/System/Library/Frameworks/UniformTypeIdentifiers.framework/Versions/A/UniformTypeIdentifiers
0x00007ff812d83000 	/usr/lib/libapp_launch_measurement.dylib
0x00007ff811fee000 	/System/Library/PrivateFrameworks/CoreAnalytics.framework/Versions/A/CoreAnalytics
0x00007ff812d86000 	/System/Library/PrivateFrameworks/CoreAutoLayout.framework/Versions/A/CoreAutoLayout
0x00007ff813fa3000 	/System/Library/Frameworks/Metal.framework/Versions/A/Metal
0x00007ff814cb8000 	/usr/lib/liblangid.dylib
0x00007ff814646000 	/System/Library/PrivateFrameworks/CoreSVG.framework/Versions/A/CoreSVG
0x00007ff81061d000 	/System/Library/PrivateFrameworks/SkyLight.framework/Versions/A/SkyLight
0x00007ff8109a4000 	/System/Library/Frameworks/CoreGraphics.framework/Versions/A/CoreGraphics
0x00007ff81c934000 	/System/Library/Frameworks/Accelerate.framework/Versions/A/Accelerate
0x00007ff8170ff000 	/System/Library/PrivateFrameworks/IconServices.framework/Versions/A/IconServices
0x00007ff813f88000 	/System/Library/Frameworks/IOSurface.framework/Versions/A/IOSurface
0x00007ff81201c000 	/usr/lib/libDiagnosticMessagesClient.dylib
0x00007ff8163b5000 	/usr/lib/libz.1.dylib
0x00007ff81ff8e000 	/System/Library/Frameworks/ApplicationServices.framework/Versions/A/ApplicationServices
0x00007ff81462e000 	/System/Library/PrivateFrameworks/DFRFoundation.framework/Versions/A/DFRFoundation
0x00007ff80da35000 	/usr/lib/libicucore.A.dylib
0x00007ff818fc4000 	/System/Library/Frameworks/AudioToolbox.framework/Versions/A/AudioToolbox
0x00007ff8182af000 	/System/Library/PrivateFrameworks/DataDetectorsCore.framework/Versions/A/DataDetectorsCore
0x00007ff913b07000 	/System/Library/PrivateFrameworks/TextInput.framework/Versions/A/TextInput
0x00007ff8105a1000 	/usr/lib/libMobileGestalt.dylib
0x00007ff814336000 	/System/Library/Frameworks/Carbon.framework/Versions/A/Frameworks/HIToolbox.framework/Versions/A/HIToolbox
0x00007ff8127b2000 	/System/Library/Frameworks/QuartzCore.framework/Versions/A/QuartzCore
0x00007ff80d6d6000 	/System/Library/Frameworks/Security.framework/Versions/A/Security
0x00007ff81c301000 	/System/Library/Frameworks/Carbon.framework/Versions/A/Frameworks/SpeechRecognition.framework/Versions/A/SpeechRecognition
0x00007ff812ae4000 	/System/Library/PrivateFrameworks/CoreUI.framework/Versions/A/CoreUI
0x00007ff80cfb6000 	/System/Library/Frameworks/CoreAudio.framework/Versions/A/CoreAudio
0x00007ff81210a000 	/System/Library/Frameworks/DiskArbitration.framework/Versions/A/DiskArbitration
0x00007ff817a6b000 	/System/Library/PrivateFrameworks/MultitouchSupport.framework/Versions/A/MultitouchSupport
0x00007ff8105a0000 	/usr/lib/libenergytrace.dylib
0x00007ff80e030000 	/System/Library/Frameworks/IOKit.framework/Versions/A/IOKit
0x00007ff81c6eb000 	/System/Library/Frameworks/CoreServices.framework/Versions/A/CoreServices
0x00007ff812d1d000 	/System/Library/PrivateFrameworks/PerformanceAnalysis.framework/Versions/A/PerformanceAnalysis
0x00007ffa22392000 	/System/Library/Frameworks/OpenGL.framework/Versions/A/OpenGL
0x00007ff8159ee000 	/System/Library/PrivateFrameworks/MobileKeyBag.framework/Versions/A/MobileKeyBag
0x00007ff80b529000 	/usr/lib/libobjc.A.dylib
0x00007ff811071000 	/System/Library/Frameworks/ColorSync.framework/Versions/A/ColorSync
0x00007ff80b6e2000 	/System/Library/Frameworks/CoreFoundation.framework/Versions/A/CoreFoundation
0x00007ff8148bf000 	/System/Library/Frameworks/CoreImage.framework/Versions/A/CoreImage
0x00007ff80cdcc000 	/System/Library/Frameworks/CoreText.framework/Versions/A/CoreText
0x00007ff814675000 	/System/Library/Frameworks/ImageIO.framework/Versions/A/ImageIO
0x00007ff81649b000 	/System/Library/PrivateFrameworks/SoftLinking.framework/Versions/A/SoftLinking
0x00007ff812dce000 	/usr/lib/libxml2.2.dylib
0x00007ff80b5ef000 	/usr/lib/libc++.1.dylib
0x00007ff81671e000 	/usr/lib/libcompression.dylib
0x00007ff8181d9000 	/System/Library/PrivateFrameworks/TextureIO.framework/Versions/A/TextureIO
0x00007ff816e11000 	/usr/lib/libate.dylib
0x00007ff816490000 	/usr/lib/system/libcache.dylib
0x00007ff81644c000 	/usr/lib/system/libcommonCrypto.dylib
0x00007ff816475000 	/usr/lib/system/libcompiler_rt.dylib
0x00007ff81646b000 	/usr/lib/system/libcopyfile.dylib
0x00007ff80b423000 	/usr/lib/system/libcorecrypto.dylib
0x00007ff80b4e2000 	/usr/lib/system/libdispatch.dylib
0x00007ff80b6a1000 	/usr/lib/system/libdyld.dylib
0x00007ff816487000 	/usr/lib/system/libkeymgr.dylib
0x00007ff81642a000 	/usr/lib/system/libmacho.dylib
0x00007ff815ac2000 	/usr/lib/system/libquarantine.dylib
0x00007ff816485000 	/usr/lib/system/libremovefile.dylib
0x00007ff8105ed000 	/usr/lib/system/libsystem_asl.dylib
0x00007ff80b3d1000 	/usr/lib/system/libsystem_blocks.dylib
0x00007ff80b566000 	/usr/lib/system/libsystem_c.dylib
0x00007ff81647d000 	/usr/lib/system/libsystem_collections.dylib
0x00007ff814ca9000 	/usr/lib/system/libsystem_configuration.dylib
0x00007ff813f6b000 	/usr/lib/system/libsystem_containermanager.dylib
0x00007ff81616a000 	/usr/lib/system/libsystem_coreservices.dylib
0x00007ff80dcbe000 	/usr/lib/system/libsystem_darwin.dylib
0x00007ff816488000 	/usr/lib/system/libsystem_dnssd.dylib
0x00007ff80b563000 	/usr/lib/system/libsystem_featureflags.dylib
0x00007ff80b6b7000 	/usr/lib/system/libsystem_info.dylib
0x00007ff8163c8000 	/usr/lib/system/libsystem_m.dylib
0x00007ff80b4b6000 	/usr/lib/system/libsystem_malloc.dylib
0x00007ff81058a000 	/usr/lib/system/libsystem_networkextension.dylib
0x00007ff80e0e6000 	/usr/lib/system/libsystem_notify.dylib
0x00007ff81c5c2000 	/usr/lib/system/libsystem_product_info_filter.dylib
0x00007ff814cad000 	/usr/lib/system/libsystem_sandbox.dylib
0x00007ff816482000 	/usr/lib/system/libsystem_secinit.dylib
0x00007ff80b65e000 	/usr/lib/system/libsystem_kernel.dylib
0x00007ff80b6ad000 	/usr/lib/system/libsystem_platform.dylib
0x00007ff80b695000 	/usr/lib/system/libsystem_pthread.dylib
0x00007ff811e34000 	/usr/lib/system/libsystem_symptoms.dylib
0x00007ff80b40a000 	/usr/lib/system/libsystem_trace.dylib
0x00007ff816458000 	/usr/lib/system/libunwind.dylib
0x00007ff80b3d3000 	/usr/lib/system/libxpc.dylib
0x00007ff80b648000 	/usr/lib/libc++abi.dylib
0x00007ff816463000 	/usr/lib/liboah.dylib
0x00007ff816bef000 	/usr/lib/liblzma.5.dylib
0x00007ff80c277000 	/System/Library/Frameworks/SystemConfiguration.framework/Versions/A/SystemConfiguration
0x00007ff816497000 	/usr/lib/libfakelink.dylib
0x00007ff8100f4000 	/System/Library/Frameworks/CFNetwork.framework/Versions/A/CFNetwork
0x00007ff8165d6000 	/usr/lib/libarchive.2.dylib
0x00007ff815ae8000 	/usr/lib/libbsm.0.dylib
0x00007ff80f72b000 	/usr/lib/libnetwork.dylib
0x00007ff816430000 	/usr/lib/system/libkxld.dylib
0x00007ffb1fe72000 	/usr/lib/libCoreEntitlements.dylib
0x00007ff81614c000 	/System/Library/PrivateFrameworks/AppleFSCompression.framework/Versions/A/AppleFSCompression
0x00007ff815ad1000 	/usr/lib/libcoretls.dylib
0x00007ff816c09000 	/usr/lib/libcoretls_cfhelpers.dylib
0x00007ff816719000 	/usr/lib/libpam.2.dylib
0x00007ff811a56000 	/usr/lib/libsqlite3.dylib
0x00007ff816c78000 	/usr/lib/libxar.1.dylib
0x00007ff814cb4000 	/System/Library/PrivateFrameworks/AppleSystemInfo.framework/Versions/A/AppleSystemInfo
0x00007ff815717000 	/System/Library/PrivateFrameworks/IOMobileFramebuffer.framework/Versions/A/IOMobileFramebuffer
0x00007ff81615c000 	/usr/lib/libbz2.1.0.dylib
0x00007ff81649c000 	/usr/lib/libpcap.A.dylib
0x00007ff811e2b000 	/usr/lib/libdns_services.dylib
0x00007ff8166e8000 	/usr/lib/libapple_nghttp2.dylib
0x00007ff8164d3000 	/usr/lib/libiconv.2.dylib
0x00007ff816429000 	/usr/lib/libcharset.1.dylib
0x00007ff812d51000 	/System/Library/Frameworks/CoreServices.framework/Versions/A/Frameworks/FSEvents.framework/Versions/A/FSEvents
0x00007ff80dcc8000 	/System/Library/Frameworks/CoreServices.framework/Versions/A/Frameworks/CarbonCore.framework/Versions/A/CarbonCore
0x00007ff81206f000 	/System/Library/Frameworks/CoreServices.framework/Versions/A/Frameworks/Metadata.framework/Versions/A/Metadata
0x00007ff81616f000 	/System/Library/Frameworks/CoreServices.framework/Versions/A/Frameworks/OSServices.framework/Versions/A/OSServices
0x00007ff81665c000 	/System/Library/Frameworks/CoreServices.framework/Versions/A/Frameworks/SearchKit.framework/Versions/A/SearchKit
0x00007ff811dbd000 	/System/Library/Frameworks/CoreServices.framework/Versions/A/Frameworks/AE.framework/Versions/A/AE
0x00007ff80bbe5000 	/System/Library/Frameworks/CoreServices.framework/Versions/A/Frameworks/LaunchServices.framework/Versions/A/LaunchServices
0x00007ff816ba0000 	/System/Library/Frameworks/CoreServices.framework/Versions/A/Frameworks/DictionaryServices.framework/Versions/A/DictionaryServices
0x00007ff812d5e000 	/System/Library/Frameworks/CoreServices.framework/Versions/A/Frameworks/SharedFileList.framework/Versions/A/SharedFileList
0x00007ff815ac5000 	/usr/lib/libCheckFix.dylib
0x00007ff810604000 	/System/Library/PrivateFrameworks/TCC.framework/Versions/A/TCC
0x00007ff814cba000 	/System/Library/PrivateFrameworks/CoreNLP.framework/Versions/A/CoreNLP
0x00007ff81201f000 	/System/Library/PrivateFrameworks/MetadataUtilities.framework/Versions/A/MetadataUtilities
0x00007ff80c327000 	/usr/lib/libmecabra.dylib
0x00007ff815af8000 	/usr/lib/libmecab.dylib
0x00007ff80c2f2000 	/usr/lib/libCRFSuite.dylib
0x00007ff815b55000 	/usr/lib/libgermantok.dylib
0x00007ff8166c3000 	/usr/lib/libThaiTokenizer.dylib
0x00007ff812111000 	/System/Library/Frameworks/Accelerate.framework/Versions/A/Frameworks/vImage.framework/Versions/A/vImage
0x00007ff81c6c2000 	/System/Library/Frameworks/Accelerate.framework/Versions/A/Frameworks/vecLib.framework/Versions/A/vecLib
0x00007ff816cb9000 	/System/Library/Frameworks/Accelerate.framework/Versions/A/Frameworks/vecLib.framework/Versions/A/libvMisc.dylib
0x00007ff815535000 	/System/Library/Frameworks/Accelerate.framework/Versions/A/Frameworks/vecLib.framework/Versions/A/libvDSP.dylib
0x00007ff80bf5b000 	/System/Library/Frameworks/Accelerate.framework/Versions/A/Frameworks/vecLib.framework/Versions/A/libBLAS.dylib
0x00007ff8167fa000 	/System/Library/Frameworks/Accelerate.framework/Versions/A/Frameworks/vecLib.framework/Versions/A/libLAPACK.dylib
0x00007ff815b58000 	/System/Library/Frameworks/Accelerate.framework/Versions/A/Frameworks/vecLib.framework/Versions/A/libLinearAlgebra.dylib
0x00007ff816701000 	/System/Library/Frameworks/Accelerate.framework/Versions/A/Frameworks/vecLib.framework/Versions/A/libSparseBLAS.dylib
0x00007ff8167f4000 	/System/Library/Frameworks/Accelerate.framework/Versions/A/Frameworks/vecLib.framework/Versions/A/libQuadrature.dylib
0x00007ff814da4000 	/System/Library/Frameworks/Accelerate.framework/Versions/A/Frameworks/vecLib.framework/Versions/A/libBNNS.dylib
0x00007ff80c208000 	/System/Library/Frameworks/Accelerate.framework/Versions/A/Frameworks/vecLib.framework/Versions/A/libSparse.dylib
0x00007ff814d9d000 	/System/Library/PrivateFrameworks/LinguisticData.framework/Versions/A/LinguisticData
0x00007ff80c1bd000 	/System/Library/PrivateFrameworks/Lexicon.framework/Versions/A/Lexicon
0x00007ff816cb2000 	/usr/lib/libChineseTokenizer.dylib
0x00007ff80c920000 	/System/Library/PrivateFrameworks/LanguageModeling.framework/Versions/A/LanguageModeling
0x00007ff8166c5000 	/System/Library/PrivateFrameworks/AppleSauce.framework/Versions/A/AppleSauce
0x00007ff815705000 	/System/Library/PrivateFrameworks/CoreEmoji.framework/Versions/A/CoreEmoji
0x00007ff8165c5000 	/usr/lib/libcmph.dylib
0x00007ff812d35000 	/System/Library/Frameworks/OpenDirectory.framework/Versions/A/Frameworks/CFOpenDirectory.framework/Versions/A/CFOpenDirectory
0x00007ff812d29000 	/System/Library/Frameworks/OpenDirectory.framework/Versions/A/OpenDirectory
0x00007ff816c0b000 	/System/Library/PrivateFrameworks/APFS.framework/Versions/A/APFS
0x00007ff815a26000 	/System/Library/Frameworks/SecurityFoundation.framework/Versions/A/SecurityFoundation
0x00007ff816c86000 	/usr/lib/libutil.dylib
0x00007ff80dff3000 	/System/Library/PrivateFrameworks/CoreServicesStore.framework/Versions/A/CoreServicesStore
0x00007ff816c8a000 	/usr/lib/libxslt.1.dylib
0x00007ff815ab3000 	/System/Library/PrivateFrameworks/BackgroundTaskManagement.framework/Versions/A/BackgroundTaskManagement
0x00007ff8180f9000 	/System/Library/Frameworks/ImageIO.framework/Versions/A/Resources/libRadiance.dylib
0x00007ff818102000 	/System/Library/Frameworks/ImageIO.framework/Versions/A/Resources/libJPEG.dylib
0x00007ff818052000 	/System/Library/Frameworks/ImageIO.framework/Versions/A/Resources/libPng.dylib
0x00007ff818073000 	/System/Library/Frameworks/ImageIO.framework/Versions/A/Resources/libTIFF.dylib
0x00007ff818162000 	/System/Library/Frameworks/ImageIO.framework/Versions/A/Resources/libGIF.dylib
0x00007ff817984000 	/System/Library/Frameworks/ImageIO.framework/Versions/A/Resources/libJP2.dylib
0x00007ff8170c6000 	/usr/lib/libexpat.1.dylib
0x00007ff817939000 	/System/Library/PrivateFrameworks/AppleJPEG.framework/Versions/A/AppleJPEG
0x00007ff8141fd000 	/System/Library/PrivateFrameworks/FontServices.framework/libFontParser.dylib
0x00007ff811d67000 	/System/Library/PrivateFrameworks/RunningBoardServices.framework/Versions/A/RunningBoardServices
0x00007ff82285c000 	/System/Library/PrivateFrameworks/IOSurfaceAccelerator.framework/Versions/A/IOSurfaceAccelerator
0x00007ff817a67000 	/System/Library/PrivateFrameworks/WatchdogClient.framework/Versions/A/WatchdogClient
0x00007ff80ca0f000 	/System/Library/Frameworks/CoreDisplay.framework/Versions/A/CoreDisplay
0x00007ff8140fd000 	/System/Library/Frameworks/CoreMedia.framework/Versions/A/CoreMedia
0x00007ff813f9a000 	/System/Library/PrivateFrameworks/IOAccelerator.framework/Versions/A/IOAccelerator
0x00007ff812eb1000 	/System/Library/Frameworks/CoreVideo.framework/Versions/A/CoreVideo
0x00007ff816717000 	/System/Library/Frameworks/MetalPerformanceShaders.framework/Versions/A/MetalPerformanceShaders
0x00007ff817aa2000 	/System/Library/Frameworks/VideoToolbox.framework/Versions/A/VideoToolbox
0x00007ff811caf000 	/System/Library/PrivateFrameworks/BaseBoard.framework/Versions/A/BaseBoard
0x00007ff811a3c000 	/System/Library/PrivateFrameworks/ProtocolBuffer.framework/Versions/A/ProtocolBuffer
0x00007ff8180f2000 	/System/Library/PrivateFrameworks/GPUWrangler.framework/Versions/A/GPUWrangler
0x00007ff8180d5000 	/System/Library/PrivateFrameworks/IOPresentment.framework/Versions/A/IOPresentment
0x00007ff8180fc000 	/System/Library/PrivateFrameworks/DSExternalDisplay.framework/Versions/A/DSExternalDisplay
0x00007ffa22386000 	/System/Library/Frameworks/OpenGL.framework/Versions/A/Libraries/libCoreFSCache.dylib
0x00007ffb0e47d000 	/System/Library/PrivateFrameworks/GPUCompiler.framework/Versions/31001/Libraries/libGPUCompilerUtils.dylib
0x00007ff818167000 	/System/Library/PrivateFrameworks/CMCaptureCore.framework/Versions/A/CMCaptureCore
0x00007ff817672000 	/System/Library/PrivateFrameworks/AppServerSupport.framework/Versions/A/AppServerSupport
0x00007ff819840000 	/System/Library/PrivateFrameworks/perfdata.framework/Versions/A/perfdata
0x00007ff80cb3b000 	/System/Library/PrivateFrameworks/AudioToolboxCore.framework/Versions/A/AudioToolboxCore
0x00007ff8140da000 	/System/Library/PrivateFrameworks/caulk.framework/Versions/A/caulk
0x00007ff81916d000 	/usr/lib/libAudioStatistics.dylib
0x00007ff9103c7000 	/System/Library/PrivateFrameworks/SystemPolicy.framework/Versions/A/SystemPolicy
0x00007ff8193b9000 	/usr/lib/libSMC.dylib
0x00007ff82219e000 	/System/Library/Frameworks/CoreMIDI.framework/Versions/A/CoreMIDI
0x00007ff818022000 	/usr/lib/libAudioToolboxUtility.dylib
0x00007ff90c857000 	/System/Library/PrivateFrameworks/OSAServicesClient.framework/Versions/A/OSAServicesClient
0x00007ff81984d000 	/usr/lib/libperfcheck.dylib
0x00007ff910e53000 	/usr/lib/libmis.dylib
0x00007ffa223e2000 	/System/Library/Frameworks/OpenGL.framework/Versions/A/Libraries/libGLU.dylib
0x00007ffa223a5000 	/System/Library/Frameworks/OpenGL.framework/Versions/A/Libraries/libGFXShared.dylib
0x00007ffa225b3000 	/System/Library/Frameworks/OpenGL.framework/Versions/A/Libraries/libGL.dylib
0x00007ffa223ae000 	/System/Library/Frameworks/OpenGL.framework/Versions/A/Libraries/libGLImage.dylib
0x00007ffa223a2000 	/System/Library/Frameworks/OpenGL.framework/Versions/A/Libraries/libCVMSPluginSupport.dylib
0x00007ffa2238d000 	/System/Library/Frameworks/OpenGL.framework/Versions/A/Libraries/libCoreVMClient.dylib
0x00007ff814c38000 	/System/Library/Frameworks/MetalPerformanceShaders.framework/Versions/A/Frameworks/MPSCore.framework/Versions/A/MPSCore
0x00007ff8160b7000 	/System/Library/Frameworks/MetalPerformanceShaders.framework/Versions/A/Frameworks/MPSImage.framework/Versions/A/MPSImage
0x00007ff815b6e000 	/System/Library/Frameworks/MetalPerformanceShaders.framework/Versions/A/Frameworks/MPSNeuralNetwork.framework/Versions/A/MPSNeuralNetwork
0x00007ff815fe3000 	/System/Library/Frameworks/MetalPerformanceShaders.framework/Versions/A/Frameworks/MPSMatrix.framework/Versions/A/MPSMatrix
0x00007ff815d9f000 	/System/Library/Frameworks/MetalPerformanceShaders.framework/Versions/A/Frameworks/MPSRayIntersector.framework/Versions/A/MPSRayIntersector
0x00007ff81601c000 	/System/Library/Frameworks/MetalPerformanceShaders.framework/Versions/A/Frameworks/MPSNDArray.framework/Versions/A/MPSNDArray
0x00007ffa26f8b000 	/System/Library/Frameworks/MetalPerformanceShaders.framework/Versions/A/Frameworks/MPSFunctions.framework/Versions/A/MPSFunctions
0x00007ff80be3e000 	/System/Library/PrivateFrameworks/MetalTools.framework/Versions/A/MetalTools
0x00007ff814cb2000 	/System/Library/PrivateFrameworks/AggregateDictionary.framework/Versions/A/AggregateDictionary
0x00007ff816ea8000 	/usr/lib/libIOReport.dylib
0x00007ffa239c2000 	/System/Library/Frameworks/OpenCL.framework/Versions/A/OpenCL
0x00007ff81720c000 	/System/Library/PrivateFrameworks/FaceCore.framework/Versions/A/FaceCore
0x00007ff8171fd000 	/System/Library/PrivateFrameworks/GraphVisualizer.framework/Versions/A/GraphVisualizer
0x00007ffb0e388000 	/System/Library/PrivateFrameworks/FontServices.framework/Versions/A/FontServices
0x00007ff817629000 	/System/Library/PrivateFrameworks/OTSVG.framework/Versions/A/OTSVG
0x00007ff812a9a000 	/System/Library/Frameworks/ApplicationServices.framework/Versions/A/Frameworks/ATS.framework/Versions/A/Resources/libFontRegistry.dylib
0x00007ff81767a000 	/System/Library/PrivateFrameworks/FontServices.framework/libhvf.dylib
0x00007ffb0e389000 	/System/Library/PrivateFrameworks/FontServices.framework/libXTFontStaticRegistryData.dylib
0x00007ff817076000 	/System/Library/PrivateFrameworks/AppleVA.framework/Versions/A/AppleVA
0x00007ff81918d000 	/System/Library/Frameworks/ApplicationServices.framework/Versions/A/Frameworks/ATS.framework/Versions/A/ATS
0x00007ff81116d000 	/System/Library/Frameworks/ApplicationServices.framework/Versions/A/Frameworks/HIServices.framework/Versions/A/HIServices
0x00007ff818171000 	/System/Library/Frameworks/ApplicationServices.framework/Versions/A/Frameworks/PrintCore.framework/Versions/A/PrintCore
0x00007ff81950c000 	/System/Library/Frameworks/ApplicationServices.framework/Versions/A/Frameworks/QD.framework/Versions/A/QD
0x00007ff819504000 	/System/Library/Frameworks/ApplicationServices.framework/Versions/A/Frameworks/ColorSyncLegacy.framework/Versions/A/ColorSyncLegacy
0x00007ff81917d000 	/System/Library/Frameworks/ApplicationServices.framework/Versions/A/Frameworks/SpeechSynthesis.framework/Versions/A/SpeechSynthesis
0x00007ff818132000 	/System/Library/Frameworks/ApplicationServices.framework/Versions/A/Frameworks/ATSUI.framework/Versions/A/ATSUI
0x00007ff819499000 	/usr/lib/libcups.2.dylib
0x00007ff81985c000 	/System/Library/Frameworks/Kerberos.framework/Versions/A/Kerberos
0x00007ff81986b000 	/System/Library/Frameworks/GSS.framework/Versions/A/GSS
0x00007ff8191f9000 	/usr/lib/libresolv.9.dylib
0x00007ff817689000 	/System/Library/PrivateFrameworks/Heimdal.framework/Versions/A/Heimdal
0x00007ff820309000 	/System/Library/Frameworks/Kerberos.framework/Versions/A/Libraries/libHeimdalProxy.dylib
0x00007ff811e3c000 	/System/Library/Frameworks/Network.framework/Versions/A/Network
0x00007ff8170e0000 	/usr/lib/libheimdal-asn1.dylib
0x00007ff8198b6000 	/System/Library/PrivateFrameworks/CommonAuth.framework/Versions/A/CommonAuth
0x00007ff8190fe000 	/System/Library/PrivateFrameworks/AudioSession.framework/Versions/A/AudioSession
0x00007ff817170000 	/System/Library/PrivateFrameworks/MediaExperience.framework/Versions/A/MediaExperience
0x00007ff818f93000 	/System/Library/PrivateFrameworks/AudioSession.framework/libSessionUtility.dylib
0x00007ff819518000 	/System/Library/PrivateFrameworks/AudioResourceArbitration.framework/Versions/A/AudioResourceArbitration
0x00007ff8170e9000 	/System/Library/PrivateFrameworks/IconFoundation.framework/Versions/A/IconFoundation
0x00007ff81c2f1000 	/System/Library/PrivateFrameworks/SpeechRecognitionCore.framework/Versions/A/SpeechRecognitionCore
0x00000001021b4000 	/Library/Java/JavaVirtualMachines/jdk-11.0.12.jdk/Contents/Home/lib/server/libjvm.dylib
0x0000000101453000 	/Library/Java/JavaVirtualMachines/jdk-11.0.12.jdk/Contents/Home/lib/libverify.dylib
0x000000010148f000 	/Library/Java/JavaVirtualMachines/jdk-11.0.12.jdk/Contents/Home/lib/libjava.dylib
0x0000000101463000 	/Library/Java/JavaVirtualMachines/jdk-11.0.12.jdk/Contents/Home/lib/libjimage.dylib
0x00000001014f7000 	/Library/Java/JavaVirtualMachines/jdk-11.0.12.jdk/Contents/Home/lib/libjdwp.dylib
0x000000010146f000 	/Library/Java/JavaVirtualMachines/jdk-11.0.12.jdk/Contents/Home/lib/libinstrument.dylib
0x00000001014bb000 	/Library/Java/JavaVirtualMachines/jdk-11.0.12.jdk/Contents/Home/lib/libzip.dylib
0x00000001014de000 	/Library/Java/JavaVirtualMachines/jdk-11.0.12.jdk/Contents/Home/lib/libdt_socket.dylib
0x0000000101fa1000 	/Library/Java/JavaVirtualMachines/jdk-11.0.12.jdk/Contents/Home/lib/libnio.dylib
0x0000000101fcd000 	/Library/Java/JavaVirtualMachines/jdk-11.0.12.jdk/Contents/Home/lib/libnet.dylib


VM Arguments:
jvm_args: -agentlib:jdwp=transport=dt_socket,suspend=y,address=localhost:51392 -javaagent:/Applications/Eclipse.app/Contents/Eclipse/configuration/org.eclipse.osgi/213/0/.cp/lib/javaagent-shaded.jar -Dfile.encoding=UTF-8 
java_command: MyWorks.Quize13
java_class_path (initial): /Users/ibrahimucar/Desktop/JavaB13/java-europe-b-13/bin
Launcher Type: SUN_STANDARD

[Global flags]
     intx CICompilerCount                          = 3                                         {product} {ergonomic}
     uint ConcGCThreads                            = 1                                         {product} {ergonomic}
     uint G1ConcRefinementThreads                  = 4                                         {product} {ergonomic}
   size_t G1HeapRegionSize                         = 1048576                                   {product} {ergonomic}
    uintx GCDrainStackTargetSize                   = 64                                        {product} {ergonomic}
   size_t InitialHeapSize                          = 134217728                                 {product} {ergonomic}
   size_t MarkStackSize                            = 4194304                                   {product} {ergonomic}
   size_t MaxHeapSize                              = 2147483648                                {product} {ergonomic}
   size_t MaxNewSize                               = 1287651328                                {product} {ergonomic}
   size_t MinHeapDeltaBytes                        = 1048576                                   {product} {ergonomic}
    uintx NonNMethodCodeHeapSize                   = 5830732                                {pd product} {ergonomic}
    uintx NonProfiledCodeHeapSize                  = 122913754                              {pd product} {ergonomic}
    uintx ProfiledCodeHeapSize                     = 122913754                              {pd product} {ergonomic}
    uintx ReservedCodeCacheSize                    = 251658240                              {pd product} {ergonomic}
     bool SegmentedCodeCache                       = true                                      {product} {ergonomic}
     bool UseCompressedClassPointers               = true                                 {lp64_product} {ergonomic}
     bool UseCompressedOops                        = true                                 {lp64_product} {ergonomic}
     bool UseG1GC                                  = true                                      {product} {ergonomic}

Logging:
Log output configuration:
 #0: stdout all=warning uptime,level,tags
 #1: stderr all=off uptime,level,tags

Environment Variables:
PATH=/usr/bin:/bin:/usr/sbin:/sbin
SHELL=/bin/zsh

Signal Handlers:
SIGSEGV: [libjvm.dylib+0x79688e], sa_mask[0]=11111111011111110111111111111111, sa_flags=SA_ONSTACK|SA_RESTART|SA_SIGINFO
SIGBUS: [libjvm.dylib+0x79688e], sa_mask[0]=11111111011111110111111111111111, sa_flags=SA_RESTART|SA_SIGINFO
SIGFPE: [libjvm.dylib+0x79688e], sa_mask[0]=11111111011111110111111111111111, sa_flags=SA_RESTART|SA_SIGINFO
SIGPIPE: [libjvm.dylib+0x6488fa], sa_mask[0]=11111111011111110111111111111111, sa_flags=SA_RESTART|SA_SIGINFO
SIGXFSZ: [libjvm.dylib+0x6488fa], sa_mask[0]=11111111011111110111111111111111, sa_flags=SA_RESTART|SA_SIGINFO
SIGILL: [libjvm.dylib+0x79688e], sa_mask[0]=11111111011111110111111111111111, sa_flags=SA_RESTART|SA_SIGINFO
SIGUSR2: [libjvm.dylib+0x648ece], sa_mask[0]=00100000000000000000000000000000, sa_flags=SA_RESTART|SA_SIGINFO
SIGHUP: [libjvm.dylib+0x64798f], sa_mask[0]=11111111011111110111111111111111, sa_flags=SA_RESTART|SA_SIGINFO
SIGINT: [libjvm.dylib+0x64798f], sa_mask[0]=11111111011111110111111111111111, sa_flags=SA_RESTART|SA_SIGINFO
SIGTERM: [libjvm.dylib+0x64798f], sa_mask[0]=11111111011111110111111111111111, sa_flags=SA_RESTART|SA_SIGINFO
SIGQUIT: [libjvm.dylib+0x64798f], sa_mask[0]=11111111011111110111111111111111, sa_flags=SA_RESTART|SA_SIGINFO


---------------  S Y S T E M  ---------------

OS:uname:Darwin 21.1.0 Darwin Kernel Version 21.1.0: Thu Sep 30 06:41:59 PDT 2021; root:xnu-8019.40.96.0.2~12/RELEASE_X86_64 x86_64
rlimit: STACK 8192k, CORE 0k, NPROC 1392, NOFILE 10240, AS infinity, DATA infinity, FSIZE infinity
load average:3.89 4.25 4.36

CPU:total 4 (initial active 4) (2 cores per cpu, 2 threads per core) family 6 model 61 stepping 4 microcode 0x2f, cmov, cx8, fxsr, mmx, sse, sse2, sse3, ssse3, sse4.1, sse4.2, popcnt, avx, avx2, aes, clmul, erms, 3dnowpref, lzcnt, ht, tsc, tscinvbit, bmi1, bmi2, adx, fma

Memory: 4k page, physical 8388608k(80268k free)

vm_info: Java HotSpot(TM) 64-Bit Server VM (11.0.12+8-LTS-237) for bsd-amd64 JRE (11.0.12+8-LTS-237), built on Jun  8 2021 10:26:22 by "mach5one" with gcc 4.2.1 Compatible Apple LLVM 11.0.0 (clang-1100.0.33.17)

END.
